\BOOKMARK [0][-]{chapter*.1}{\376\377\000A\000b\000s\000t\000r\000a\000c\000t}{}% 1
\BOOKMARK [0][-]{chapter*.2}{\376\377\000A\000c\000k\000n\000o\000w\000l\000e\000d\000g\000e\000m\000e\000n\000t\000s}{}% 2
\BOOKMARK [0][-]{section*.3}{\376\377\000C\000o\000n\000t\000e\000n\000t\000s}{}% 3
\BOOKMARK [0][-]{section*.4}{\376\377\000L\000i\000s\000t\000\040\000o\000f\000\040\000F\000i\000g\000u\000r\000e\000s}{}% 4
\BOOKMARK [0][-]{section*.5}{\376\377\000L\000i\000s\000t\000\040\000o\000f\000\040\000T\000a\000b\000l\000e\000s}{}% 5
\BOOKMARK [0][-]{chapter.1}{\376\377\000I\000n\000t\000r\000o\000d\000u\000c\000t\000i\000o\000n}{}% 6
\BOOKMARK [1][-]{section.1.1}{\376\377\000R\000e\000s\000e\000r\000v\000o\000i\000r\000\040\000c\000o\000m\000p\000u\000t\000i\000n\000g\000\040\000a\000n\000d\000\040\000e\000c\000h\000o\000\040\000s\000t\000a\000t\000e\000\040\000n\000e\000t\000w\000o\000r\000k\000s}{chapter.1}% 7
\BOOKMARK [1][-]{section.1.2}{\376\377\000T\000h\000e\000\040\000p\000o\000t\000e\000n\000t\000i\000a\000l\000\040\000o\000f\000\040\000m\000o\000d\000u\000l\000a\000r\000i\000t\000y\000\040\000a\000n\000d\000\040\000f\000e\000a\000t\000u\000r\000e\000\040\000i\000n\000t\000e\000g\000r\000a\000t\000i\000o\000n}{chapter.1}% 8
\BOOKMARK [1][-]{section.1.3}{\376\377\000O\000r\000d\000i\000n\000a\000l\000\040\000p\000a\000r\000t\000i\000t\000i\000o\000n\000\040\000a\000n\000a\000l\000y\000s\000i\000s\000:\000\040\000a\000\040\000n\000o\000v\000e\000l\000\040\000f\000e\000a\000t\000u\000r\000e\000\040\000f\000o\000r\000\040\000E\000S\000N\000s}{chapter.1}% 9
\BOOKMARK [1][-]{section.1.4}{\376\377\000P\000r\000o\000b\000l\000e\000m\000\040\000s\000t\000a\000t\000e\000m\000e\000n\000t\000\040\000a\000n\000d\000\040\000m\000o\000t\000i\000v\000a\000t\000i\000o\000n}{chapter.1}% 10
\BOOKMARK [1][-]{section.1.5}{\376\377\000A\000i\000m\000s\000\040\000a\000n\000d\000\040\000c\000o\000n\000t\000r\000i\000b\000u\000t\000i\000o\000n\000s}{chapter.1}% 11
\BOOKMARK [1][-]{section.1.6}{\376\377\000T\000h\000e\000s\000i\000s\000\040\000o\000u\000t\000l\000i\000n\000e}{chapter.1}% 12
\BOOKMARK [0][-]{chapter.2}{\376\377\000M\000o\000d\000u\000l\000a\000r\000\040\000e\000c\000h\000o\000\040\000s\000t\000a\000t\000e\000\040\000n\000e\000t\000w\000o\000r\000k\000s}{}% 13
\BOOKMARK [1][-]{section.2.1}{\376\377\000R\000e\000s\000e\000r\000v\000o\000i\000r\000\040\000c\000o\000m\000p\000u\000t\000i\000n\000g}{chapter.2}% 14
\BOOKMARK [1][-]{section.2.2}{\376\377\000M\000i\000x\000t\000u\000r\000e\000-\000o\000f\000-\000e\000x\000p\000e\000r\000t\000s}{chapter.2}% 15
\BOOKMARK [1][-]{section.2.3}{\376\377\000M\000o\000d\000u\000l\000a\000r\000\040\000e\000c\000h\000o\000\040\000s\000t\000a\000t\000e\000\040\000n\000e\000t\000w\000o\000r\000k\000s}{chapter.2}% 16
\BOOKMARK [1][-]{section.2.4}{\376\377\000R\000e\000a\000d\000o\000u\000t\000\040\000s\000w\000i\000t\000c\000h\000i\000n\000g}{chapter.2}% 17
\BOOKMARK [0][-]{chapter.3}{\376\377\000O\000r\000d\000i\000n\000a\000l\000\040\000p\000a\000r\000t\000i\000t\000i\000o\000n\000s}{}% 18
\BOOKMARK [1][-]{section.3.1}{\376\377\000O\000r\000d\000i\000n\000a\000l\000\040\000p\000a\000r\000t\000i\000t\000i\000o\000n\000s\000\040\000a\000n\000d\000\040\000t\000h\000e\000i\000r\000\040\000m\000e\000a\000s\000u\000r\000e\000s}{chapter.3}% 19
\BOOKMARK [1][-]{section.3.2}{\376\377\000A\000p\000p\000l\000i\000c\000a\000t\000i\000o\000n\000s\000\040\000o\000f\000\040\000o\000r\000d\000i\000n\000a\000l\000\040\000a\000n\000a\000l\000y\000s\000i\000s}{chapter.3}% 20
\BOOKMARK [0][-]{chapter.4}{\376\377\000T\000e\000s\000t\000i\000n\000g\000\040\000m\000e\000t\000h\000o\000d\000s}{}% 21
\BOOKMARK [0][-]{chapter.5}{\376\377\000E\000c\000h\000o\000\040\000s\000t\000a\000t\000e\000\040\000n\000e\000t\000w\000o\000r\000k\000\040\000w\000i\000t\000h\000\040\000o\000r\000d\000i\000n\000a\000l\000\040\000p\000a\000r\000t\000i\000t\000i\000o\000n\000\040\000b\000a\000s\000e\000d\000\040\000r\000e\000a\000d\000o\000u\000t\000\040\000s\000w\000i\000t\000c\000h\000i\000n\000g}{}% 22
\BOOKMARK [1][-]{section.5.1}{\376\377\000I\000m\000p\000l\000e\000m\000e\000n\000t\000a\000t\000i\000o\000n}{chapter.5}% 23
\BOOKMARK [1][-]{section.5.2}{\376\377\000R\000e\000s\000u\000l\000t\000s}{chapter.5}% 24
\BOOKMARK [0][-]{chapter.6}{\376\377\000E\000c\000h\000o\000\040\000s\000t\000a\000t\000e\000\040\000n\000e\000t\000w\000o\000r\000k\000\040\000w\000i\000t\000h\000\040\000o\000r\000d\000i\000n\000a\000l\000\040\000p\000a\000r\000t\000i\000t\000i\000o\000n\000\040\000b\000a\000s\000e\000d\000\040\000s\000u\000b\000-\000r\000e\000s\000e\000r\000v\000o\000i\000r\000s}{}% 25
\BOOKMARK [1][-]{section.6.1}{\376\377\000I\000m\000p\000l\000e\000m\000e\000n\000t\000a\000t\000i\000o\000n}{chapter.6}% 26
\BOOKMARK [1][-]{section.6.2}{\376\377\000R\000e\000s\000u\000l\000t\000s}{chapter.6}% 27
\BOOKMARK [0][-]{chapter.7}{\376\377\000C\000o\000n\000c\000l\000u\000s\000i\000o\000n}{}% 28
\BOOKMARK [1][-]{section.7.1}{\376\377\000K\000e\000y\000\040\000f\000i\000n\000d\000i\000n\000g\000s}{chapter.7}% 29
\BOOKMARK [1][-]{section.7.2}{\376\377\000C\000o\000n\000t\000r\000i\000b\000u\000t\000i\000o\000n\000s\000\040\000a\000n\000d\000\040\000i\000m\000p\000l\000i\000c\000a\000t\000i\000o\000n\000s}{chapter.7}% 30
\BOOKMARK [1][-]{section.7.3}{\376\377\000L\000i\000m\000i\000t\000a\000t\000i\000o\000n\000s\000\040\000a\000n\000d\000\040\000f\000u\000r\000t\000h\000e\000r\000\040\000r\000e\000s\000e\000a\000r\000c\000h}{chapter.7}% 31
\BOOKMARK [0][-]{chapter.A}{\376\377\000O\000P\000E\000S\000N\000\040\000s\000u\000b\000-\000r\000e\000s\000e\000r\000v\000o\000i\000r\000\040\000c\000o\000n\000n\000e\000c\000t\000i\000o\000n\000s}{}% 32
\BOOKMARK [0][-]{chapter*.88}{\376\377\000B\000i\000b\000l\000i\000o\000g\000r\000a\000p\000h\000y}{}% 33
