This is pdfTeX, Version 3.141592653-2.6-1.40.26 (TeX Live 2024) (preloaded format=pdflatex 2024.4.8)  7 MAR 2025 22:38
entering extended mode
 restricted \write18 enabled.
 file:line:error style messages enabled.
 %&-line parsing enabled.
**"/Users/hectormorlet/Desktop/Uni/Honours Research/echo-state-networks/Writing/Status Update February/essay.tex"
(/Users/hectormorlet/Desktop/Uni/Honours Research/echo-state-networks/Writing/Status Update February/essay.tex
LaTeX2e <2023-11-01> patch level 1
L3 programming layer <2024-02-20>
(/usr/local/texlive/2024basic/texmf-dist/tex/latex/base/article.cls
Document Class: article 2023/05/17 v1.4n Standard LaTeX document class
(/usr/local/texlive/2024basic/texmf-dist/tex/latex/base/size12.clo
File: size12.clo 2023/05/17 v1.4n Standard LaTeX file (size option)
)
\c@part=\count188
\c@section=\count189
\c@subsection=\count190
\c@subsubsection=\count191
\c@paragraph=\count192
\c@subparagraph=\count193
\c@figure=\count194
\c@table=\count195
\abovecaptionskip=\skip48
\belowcaptionskip=\skip49
\bibindent=\dimen140
) (/usr/local/texlive/2024basic/texmf-dist/tex/latex/geometry/geometry.sty
Package: geometry 2020/01/02 v5.9 Page Geometry
 (/usr/local/texlive/2024basic/texmf-dist/tex/latex/graphics/keyval.sty
Package: keyval 2022/05/29 v1.15 key=value parser (DPC)
\KV@toks@=\toks17
) (/usr/local/texlive/2024basic/texmf-dist/tex/generic/iftex/ifvtex.sty
Package: ifvtex 2019/10/25 v1.7 ifvtex legacy package. Use iftex instead.
 (/usr/local/texlive/2024basic/texmf-dist/tex/generic/iftex/iftex.sty
Package: iftex 2022/02/03 v1.0f TeX engine tests
))
\Gm@cnth=\count196
\Gm@cntv=\count197
\c@Gm@tempcnt=\count198
\Gm@bindingoffset=\dimen141
\Gm@wd@mp=\dimen142
\Gm@odd@mp=\dimen143
\Gm@even@mp=\dimen144
\Gm@layoutwidth=\dimen145
\Gm@layoutheight=\dimen146
\Gm@layouthoffset=\dimen147
\Gm@layoutvoffset=\dimen148
\Gm@dimlist=\toks18
) (/usr/local/texlive/2024basic/texmf-dist/tex/latex/graphics/graphicx.sty
Package: graphicx 2021/09/16 v1.2d Enhanced LaTeX Graphics (DPC,SPQR)
 (/usr/local/texlive/2024basic/texmf-dist/tex/latex/graphics/graphics.sty
Package: graphics 2022/03/10 v1.4e Standard LaTeX Graphics (DPC,SPQR)
 (/usr/local/texlive/2024basic/texmf-dist/tex/latex/graphics/trig.sty
Package: trig 2021/08/11 v1.11 sin cos tan (DPC)
) (/usr/local/texlive/2024basic/texmf-dist/tex/latex/graphics-cfg/graphics.cfg
File: graphics.cfg 2016/06/04 v1.11 sample graphics configuration
)
Package graphics Info: Driver file: pdftex.def on input line 107.
 (/usr/local/texlive/2024basic/texmf-dist/tex/latex/graphics-def/pdftex.def
File: pdftex.def 2022/09/22 v1.2b Graphics/color driver for pdftex
))
\Gin@req@height=\dimen149
\Gin@req@width=\dimen150
) (/usr/local/texlive/2024basic/texmf-dist/tex/latex/l3backend/l3backend-pdftex.def
File: l3backend-pdftex.def 2024-02-20 L3 backend support: PDF output (pdfTeX)
\l__color_backend_stack_int=\count199
\l__pdf_internal_box=\box51
) (./essay.aux)
\openout1 = `essay.aux'.

LaTeX Font Info:    Checking defaults for OML/cmm/m/it on input line 22.
LaTeX Font Info:    ... okay on input line 22.
LaTeX Font Info:    Checking defaults for OMS/cmsy/m/n on input line 22.
LaTeX Font Info:    ... okay on input line 22.
LaTeX Font Info:    Checking defaults for OT1/cmr/m/n on input line 22.
LaTeX Font Info:    ... okay on input line 22.
LaTeX Font Info:    Checking defaults for T1/cmr/m/n on input line 22.
LaTeX Font Info:    ... okay on input line 22.
LaTeX Font Info:    Checking defaults for TS1/cmr/m/n on input line 22.
LaTeX Font Info:    ... okay on input line 22.
LaTeX Font Info:    Checking defaults for OMX/cmex/m/n on input line 22.
LaTeX Font Info:    ... okay on input line 22.
LaTeX Font Info:    Checking defaults for U/cmr/m/n on input line 22.
LaTeX Font Info:    ... okay on input line 22.

*geometry* driver: auto-detecting
*geometry* detected driver: pdftex
*geometry* verbose mode - [ preamble ] result:
* driver: pdftex
* paper: letterpaper
* layout: <same size as paper>
* layoutoffset:(h,v)=(0.0pt,0.0pt)
* modes: 
* h-part:(L,W,R)=(85.35826pt, 443.57848pt, 85.35826pt)
* v-part:(T,H,B)=(71.13188pt, 638.47984pt, 85.35826pt)
* \paperwidth=614.295pt
* \paperheight=794.96999pt
* \textwidth=443.57848pt
* \textheight=638.47984pt
* \oddsidemargin=13.08827pt
* \evensidemargin=13.08827pt
* \topmargin=-38.1381pt
* \headheight=12.0pt
* \headsep=25.0pt
* \topskip=12.0pt
* \footskip=30.0pt
* \marginparwidth=49.79231pt
* \marginparsep=10.0pt
* \columnsep=10.0pt
* \skip\footins=10.8pt plus 4.0pt minus 2.0pt
* \hoffset=0.0pt
* \voffset=0.0pt
* \mag=1000
* \@twocolumnfalse
* \@twosidefalse
* \@mparswitchfalse
* \@reversemarginfalse
* (1in=72.27pt=25.4mm, 1cm=28.453pt)

(/usr/local/texlive/2024basic/texmf-dist/tex/context/base/mkii/supp-pdf.mkii
[Loading MPS to PDF converter (version 2006.09.02).]
\scratchcounter=\count266
\scratchdimen=\dimen151
\scratchbox=\box52
\nofMPsegments=\count267
\nofMParguments=\count268
\everyMPshowfont=\toks19
\MPscratchCnt=\count269
\MPscratchDim=\dimen152
\MPnumerator=\count270
\makeMPintoPDFobject=\count271
\everyMPtoPDFconversion=\toks20
) (/usr/local/texlive/2024basic/texmf-dist/tex/latex/epstopdf-pkg/epstopdf-base.sty
Package: epstopdf-base 2020-01-24 v2.11 Base part for package epstopdf
Package epstopdf-base Info: Redefining graphics rule for `.eps' on input line 485.
 (/usr/local/texlive/2024basic/texmf-dist/tex/latex/latexconfig/epstopdf-sys.cfg
File: epstopdf-sys.cfg 2010/07/13 v1.3 Configuration of (r)epstopdf for TeX Live
))
LaTeX Font Info:    External font `cmex10' loaded for size
(Font)              <14.4> on input line 24.
LaTeX Font Info:    External font `cmex10' loaded for size
(Font)              <7> on input line 24.

Overfull \hbox (22.9012pt too wide) in paragraph at lines 44--44
[]\OT1/cmr/bx/n/17.28 Stochastic ON ESN: Re-scaling the reser-voir weights
 []

[1

{/usr/local/texlive/2024basic/texmf-var/fonts/map/pdftex/updmap/pdftex.map}] [2]
<figure_1.png, id=14, 938.50626pt x 620.3175pt>
File: figure_1.png Graphic file (type png)
<use figure_1.png>
Package pdftex.def Info: figure_1.png  used on input line 62.
(pdftex.def)             Requested size: 443.57848pt x 293.18675pt.
<figure_2.png, id=16, 915.42pt x 614.295pt>
File: figure_2.png Graphic file (type png)
<use figure_2.png>
Package pdftex.def Info: figure_2.png  used on input line 63.
(pdftex.def)             Requested size: 443.57848pt x 297.66087pt.
<figure_3.png, id=17, 939.51pt x 614.295pt>
File: figure_3.png Graphic file (type png)
<use figure_3.png>
Package pdftex.def Info: figure_3.png  used on input line 64.
(pdftex.def)             Requested size: 443.57848pt x 290.03096pt.

Overfull \hbox (17.62482pt too wide) in paragraph at lines 62--66
[][]
 []

[3 <./figure_1.png> <./figure_2.png>] [4 <./figure_3.png>]
<figure_4.png, id=27, 786.94pt x 583.17876pt>
File: figure_4.png Graphic file (type png)
<use figure_4.png>
Package pdftex.def Info: figure_4.png  used on input line 80.
(pdftex.def)             Requested size: 443.57848pt x 328.72244pt.

Overfull \hbox (17.62482pt too wide) in paragraph at lines 80--81
[][] 
 []

[5 <./figure_4.png>]
<figure_5.png, id=32, 782.925pt x 576.1525pt>
File: figure_5.png Graphic file (type png)
<use figure_5.png>
Package pdftex.def Info: figure_5.png  used on input line 89.
(pdftex.def)             Requested size: 443.57848pt x 326.43227pt.

Overfull \hbox (17.62482pt too wide) in paragraph at lines 89--90
[][] 
 []

[6 <./figure_5.png>]
<figure_6.png, id=37, 782.925pt x 579.16376pt>
File: figure_6.png Graphic file (type png)
<use figure_6.png>
Package pdftex.def Info: figure_6.png  used on input line 98.
(pdftex.def)             Requested size: 443.57848pt x 328.13837pt.

Overfull \hbox (17.62482pt too wide) in paragraph at lines 98--99
[][] 
 []

[7 <./figure_6.png>]
<figure_7.png, id=43, 781.92125pt x 581.17125pt>
File: figure_7.png Graphic file (type png)
<use figure_7.png>
Package pdftex.def Info: figure_7.png  used on input line 107.
(pdftex.def)             Requested size: 443.57848pt x 329.69255pt.

Overfull \hbox (17.62482pt too wide) in paragraph at lines 107--108
[][] 
 []

[8 <./figure_7.png>]
<figure_8.png, id=48, 782.925pt x 583.17876pt>
File: figure_8.png Graphic file (type png)
<use figure_8.png>
Package pdftex.def Info: figure_8.png  used on input line 116.
(pdftex.def)             Requested size: 443.57848pt x 330.41316pt.

Overfull \hbox (17.62482pt too wide) in paragraph at lines 116--117
[][] 
 []

[9 <./figure_8.png>]
<figure_9.png, id=53, 782.925pt x 584.1825pt>
File: figure_9.png Graphic file (type png)
<use figure_9.png>
Package pdftex.def Info: figure_9.png  used on input line 137.
(pdftex.def)             Requested size: 443.57848pt x 330.98184pt.

Overfull \hbox (17.62482pt too wide) in paragraph at lines 137--138
[][] 
 []

<figure_10.png, id=54, 780.9175pt x 582.175pt>
File: figure_10.png Graphic file (type png)
<use figure_10.png>
Package pdftex.def Info: figure_10.png  used on input line 142.
(pdftex.def)             Requested size: 443.57848pt x 330.68837pt.

Overfull \hbox (17.62482pt too wide) in paragraph at lines 142--143
[][] 
 []

[10 <./figure_9.png>] [11 <./figure_10.png>]
<figure_11.png, id=63, 568.1225pt x 384.43625pt>
File: figure_11.png Graphic file (type png)
<use figure_11.png>
Package pdftex.def Info: figure_11.png  used on input line 161.
(pdftex.def)             Requested size: 443.57848pt x 300.16995pt.

Overfull \hbox (17.62482pt too wide) in paragraph at lines 161--162
[][] 
 []

[12 <./figure_11.png>]
<figure_12.png, id=68, 788.9475pt x 585.18625pt>
File: figure_12.png Graphic file (type png)
<use figure_12.png>
Package pdftex.def Info: figure_12.png  used on input line 172.
(pdftex.def)             Requested size: 443.57848pt x 329.01465pt.

Overfull \hbox (17.62482pt too wide) in paragraph at lines 172--173
[][] 
 []

[13 <./figure_12.png>]
<figure_13.png, id=74, 782.925pt x 577.15625pt>
File: figure_13.png Graphic file (type png)
<use figure_13.png>
Package pdftex.def Info: figure_13.png  used on input line 178.
(pdftex.def)             Requested size: 443.57848pt x 327.00098pt.

Overfull \hbox (17.62482pt too wide) in paragraph at lines 178--179
[][] 
 []

[14 <./figure_13.png>] [15] (./essay.aux)
 ***********
LaTeX2e <2023-11-01> patch level 1
L3 programming layer <2024-02-20>
 ***********
 ) 
Here is how much of TeX's memory you used:
 1933 strings out of 475567
 31871 string characters out of 5777890
 1931187 words of memory out of 5000000
 24113 multiletter control sequences out of 15000+600000
 561176 words of font info for 46 fonts, out of 8000000 for 9000
 319 hyphenation exceptions out of 8191
 57i,6n,65p,673b,208s stack positions out of 10000i,1000n,20000p,200000b,200000s
 </Users/hectormorlet/Library/texlive/2024basic/texmf-var/fonts/pk/ljfour/jknappen/ec/tcrm1200.600pk></usr/local/texlive/2024basic/texmf-dist/fonts/type1/public/amsfonts/cm/cmbx12.pfb></usr/local/texlive/2024basic/texmf-dist/fonts/type1/public/amsfonts/cm/cmr12.pfb></usr/local/texlive/2024basic/texmf-dist/fonts/type1/public/amsfonts/cm/cmr17.pfb></usr/local/texlive/2024basic/texmf-dist/fonts/type1/public/amsfonts/cm/cmti12.pfb>
Output written on essay.pdf (15 pages, 1901008 bytes).
PDF statistics:
 105 PDF objects out of 1000 (max. 8388607)
 52 compressed objects within 1 object stream
 0 named destinations out of 1000 (max. 500000)
 66 words of extra memory for PDF output out of 10000 (max. 10000000)

